{ = InicioLlave
x26 = Identificador
= = Asignacion
3.14 = Numero
+ = OpTermino
> = OpRelacional
++ = IncTermino
+ = OpTermino
- = OpTermino
+= = IncTermino
= = Asignacion
== = Asignacion
-- = IncTermino
-= = IncTermino
& = Caracter
&& = OpLogico
; = FinSentencia
| = Caracter
|| = OpLogico
! = OpLogico
!= = OpRelacional
s = Identificador
> = OpRelacional
>= = OpRelacional
<> = OpRelacional
< = OpRelacional
* = OpFactor
% = OpFactor
%= = IncFactor
? = OpTernario
fdf = Identificador
/= = IncFactor
/ = OpFactor
"HOLA MMUNDO" = Cadena
"HOLA" = Cadena
} = FinLLave
/**
**/ = comentarios
